Determining if the pthread_create exist failed with the following output:
Change Dir: /home/sac/sac_setup/jennifer/build/CMakeFiles/CMakeTmp

Run Build Command:"/usr/bin/make" "cmTC_9cc15/fast"
/usr/bin/make -f CMakeFiles/cmTC_9cc15.dir/build.make CMakeFiles/cmTC_9cc15.dir/build
make[1]: Entering directory '/home/sac/sac_setup/jennifer/build/CMakeFiles/CMakeTmp'
Building C object CMakeFiles/cmTC_9cc15.dir/CheckSymbolExists.c.o
/usr/bin/cc     -o CMakeFiles/cmTC_9cc15.dir/CheckSymbolExists.c.o   -c /home/sac/sac_setup/jennifer/build/CMakeFiles/CMakeTmp/CheckSymbolExists.c
Linking C executable cmTC_9cc15
/usr/bin/cmake -E cmake_link_script CMakeFiles/cmTC_9cc15.dir/link.txt --verbose=1
/usr/bin/cc       CMakeFiles/cmTC_9cc15.dir/CheckSymbolExists.c.o  -o cmTC_9cc15 -rdynamic 
CMakeFiles/cmTC_9cc15.dir/CheckSymbolExists.c.o: In function `main':
CheckSymbolExists.c:(.text+0x16): undefined reference to `pthread_create'
collect2: error: ld returned 1 exit status
CMakeFiles/cmTC_9cc15.dir/build.make:97: recipe for target 'cmTC_9cc15' failed
make[1]: *** [cmTC_9cc15] Error 1
make[1]: Leaving directory '/home/sac/sac_setup/jennifer/build/CMakeFiles/CMakeTmp'
Makefile:126: recipe for target 'cmTC_9cc15/fast' failed
make: *** [cmTC_9cc15/fast] Error 2

File /home/sac/sac_setup/jennifer/build/CMakeFiles/CMakeTmp/CheckSymbolExists.c:
/* */
#include <pthread.h>

int main(int argc, char** argv)
{
  (void)argv;
#ifndef pthread_create
  return ((int*)(&pthread_create))[argc];
#else
  (void)argc;
  return 0;
#endif
}

Determining if the function pthread_create exists in the pthreads failed with the following output:
Change Dir: /home/sac/sac_setup/jennifer/build/CMakeFiles/CMakeTmp

Run Build Command:"/usr/bin/make" "cmTC_89c06/fast"
/usr/bin/make -f CMakeFiles/cmTC_89c06.dir/build.make CMakeFiles/cmTC_89c06.dir/build
make[1]: Entering directory '/home/sac/sac_setup/jennifer/build/CMakeFiles/CMakeTmp'
Building C object CMakeFiles/cmTC_89c06.dir/CheckFunctionExists.c.o
/usr/bin/cc    -DCHECK_FUNCTION_EXISTS=pthread_create   -o CMakeFiles/cmTC_89c06.dir/CheckFunctionExists.c.o   -c /usr/share/cmake-3.5/Modules/CheckFunctionExists.c
Linking C executable cmTC_89c06
/usr/bin/cmake -E cmake_link_script CMakeFiles/cmTC_89c06.dir/link.txt --verbose=1
/usr/bin/cc   -DCHECK_FUNCTION_EXISTS=pthread_create    CMakeFiles/cmTC_89c06.dir/CheckFunctionExists.c.o  -o cmTC_89c06 -rdynamic -lpthreads 
/usr/bin/ld: cannot find -lpthreads
collect2: error: ld returned 1 exit status
CMakeFiles/cmTC_89c06.dir/build.make:97: recipe for target 'cmTC_89c06' failed
make[1]: *** [cmTC_89c06] Error 1
make[1]: Leaving directory '/home/sac/sac_setup/jennifer/build/CMakeFiles/CMakeTmp'
Makefile:126: recipe for target 'cmTC_89c06/fast' failed
make: *** [cmTC_89c06/fast] Error 2


